<?xml version="1.0" encoding="UTF-8"?>
<!-- Generated by org.testng.reporters.JUnitXMLReporter -->
<testsuite ignored="0" hostname="DESKTOP-21PST8E" failures="0" tests="3" name="Test" time="6.973" errors="0" timestamp="2023-06-30T12:25:53 IST">
  <testcase classname="Test_Classes.Post_TC1" name="execute" time="4.59"/>
  <testcase classname="Test_Classes.Put_TC1" name="execute" time="1.176"/>
  <testcase classname="Test_Classes.Patch_TC1" name="execute" time="1.066"/>
</testsuite> <!-- Test -->
