<?xml version="1.0" encoding="UTF-8"?>
<testng-results ignored="0" total="3" passed="3" failed="0" skipped="0">
  <reporter-output>
  </reporter-output>
  <suite started-at="2023-06-30T12:25:46 IST" name="Suite" finished-at="2023-06-30T12:25:53 IST" duration-ms="6973">
    <groups>
    </groups>
    <test started-at="2023-06-30T12:25:46 IST" name="Test" finished-at="2023-06-30T12:25:53 IST" duration-ms="6973">
      <class name="Test_Classes.Patch_TC1">
        <test-method signature="execute()[pri:0, instance:Test_Classes.Patch_TC1@68c9133c]" started-at="2023-06-30T12:25:52 IST" name="execute" finished-at="2023-06-30T12:25:53 IST" duration-ms="1066" status="PASS">
          <reporter-output>
          </reporter-output>
        </test-method> <!-- execute -->
      </class> <!-- Test_Classes.Patch_TC1 -->
      <class name="Test_Classes.Post_TC1">
        <test-method signature="execute()[pri:0, instance:Test_Classes.Post_TC1@2d901eb0]" started-at="2023-06-30T12:25:46 IST" name="execute" finished-at="2023-06-30T12:25:51 IST" duration-ms="4590" status="PASS">
          <reporter-output>
          </reporter-output>
        </test-method> <!-- execute -->
      </class> <!-- Test_Classes.Post_TC1 -->
      <class name="Test_Classes.Put_TC1">
        <test-method signature="execute()[pri:0, instance:Test_Classes.Put_TC1@48075da3]" started-at="2023-06-30T12:25:51 IST" name="execute" finished-at="2023-06-30T12:25:52 IST" duration-ms="1176" status="PASS">
          <reporter-output>
          </reporter-output>
        </test-method> <!-- execute -->
      </class> <!-- Test_Classes.Put_TC1 -->
    </test> <!-- Test -->
  </suite> <!-- Suite -->
</testng-results>
